Using pre-set license
Built from '2021.3/staging' branch; Version is '2021.3.24f1 (cf10dcf7010d) revision 13570268'; Using compiler version '192829333'; Build Type 'Release'
OS: 'Windows 10  (10.0.19045) 64bit Professional' Language: 'ru' Physical Memory: 16328 MB
BatchMode: 1, IsHumanControllingUs: 0, StartBugReporterOnCrash: 0, Is64bit: 1, IsPro: 1

COMMAND LINE ARGUMENTS:
I:\Program Files\Unity\2021.3.24f1\Editor\Unity.exe
-adb2
-batchMode
-noUpm
-name
AssetImportWorker2
-projectPath
I:/Projects/Unity/Klimov_AA_5_6/Klimov_AA_5_6
-logFile
Logs/AssetImportWorker2.log
-srvPort
52950
Successfully changed project path to: I:/Projects/Unity/Klimov_AA_5_6/Klimov_AA_5_6
I:/Projects/Unity/Klimov_AA_5_6/Klimov_AA_5_6
[UnityMemory] Configuration Parameters - Can be set up in boot.config
    "memorysetup-bucket-allocator-granularity=16"
    "memorysetup-bucket-allocator-bucket-count=8"
    "memorysetup-bucket-allocator-block-size=33554432"
    "memorysetup-bucket-allocator-block-count=8"
    "memorysetup-main-allocator-block-size=16777216"
    "memorysetup-thread-allocator-block-size=16777216"
    "memorysetup-gfx-main-allocator-block-size=16777216"
    "memorysetup-gfx-thread-allocator-block-size=16777216"
    "memorysetup-cache-allocator-block-size=4194304"
    "memorysetup-typetree-allocator-block-size=2097152"
    "memorysetup-profiler-bucket-allocator-granularity=16"
    "memorysetup-profiler-bucket-allocator-bucket-count=8"
    "memorysetup-profiler-bucket-allocator-block-size=33554432"
    "memorysetup-profiler-bucket-allocator-block-count=8"
    "memorysetup-profiler-allocator-block-size=16777216"
    "memorysetup-profiler-editor-allocator-block-size=1048576"
    "memorysetup-temp-allocator-size-main=16777216"
    "memorysetup-job-temp-allocator-block-size=2097152"
    "memorysetup-job-temp-allocator-block-size-background=1048576"
    "memorysetup-job-temp-allocator-reduction-small-platforms=262144"
    "memorysetup-temp-allocator-size-background-worker=32768"
    "memorysetup-temp-allocator-size-job-worker=262144"
    "memorysetup-temp-allocator-size-preload-manager=33554432"
    "memorysetup-temp-allocator-size-nav-mesh-worker=65536"
    "memorysetup-temp-allocator-size-audio-worker=65536"
    "memorysetup-temp-allocator-size-cloud-worker=32768"
    "memorysetup-temp-allocator-size-gi-baking-worker=262144"
    "memorysetup-temp-allocator-size-gfx=262144"
Player connection [5324] Host "[IP] 192.168.0.169 [Port] 0 [Flags] 2 [Guid] 2135963589 [EditorId] 2135963589 [Version] 1048832 [Id] WindowsEditor(7,DESKTOP-1H0EFMS) [Debug] 1 [PackageName] WindowsEditor [ProjectName] Editor" joined multi-casting on [225.0.0.222:54997]...

Player connection [5324] Host "[IP] 192.168.0.169 [Port] 0 [Flags] 2 [Guid] 2135963589 [EditorId] 2135963589 [Version] 1048832 [Id] WindowsEditor(7,DESKTOP-1H0EFMS) [Debug] 1 [PackageName] WindowsEditor [ProjectName] Editor" joined alternative multi-casting on [225.0.0.222:34997]...

Refreshing native plugins compatible for Editor in 101.27 ms, found 1 plugins.
Preloading 0 native plugins for Editor in 0.00 ms.
Initialize engine version: 2021.3.24f1 (cf10dcf7010d)
[Subsystems] Discovering subsystems at path I:/Program Files/Unity/2021.3.24f1/Editor/Data/Resources/UnitySubsystems
[Subsystems] Discovering subsystems at path I:/Projects/Unity/Klimov_AA_5_6/Klimov_AA_5_6/Assets
GfxDevice: creating device client; threaded=0; jobified=0
Direct3D:
    Version:  Direct3D 11.0 [level 11.1]
    Renderer: NVIDIA GeForce RTX 3060 Ti (ID=0x2489)
    Vendor:   NVIDIA
    VRAM:     8024 MB
    Driver:   31.0.15.5186
Initialize mono
Mono path[0] = 'I:/Program Files/Unity/2021.3.24f1/Editor/Data/Managed'
Mono path[1] = 'I:/Program Files/Unity/2021.3.24f1/Editor/Data/MonoBleedingEdge/lib/mono/unityjit-win32'
Mono config path = 'I:/Program Files/Unity/2021.3.24f1/Editor/Data/MonoBleedingEdge/etc'
Using monoOptions --debugger-agent=transport=dt_socket,embedding=1,server=y,suspend=n,address=127.0.0.1:56516
Begin MonoManager ReloadAssembly
Registering precompiled unity dll's ...
Register platform support module: I:/Program Files/Unity/2021.3.24f1/Editor/Data/PlaybackEngines/WebGLSupport/UnityEditor.WebGL.Extensions.dll
Register platform support module: I:/Program Files/Unity/2021.3.24f1/Editor/Data/PlaybackEngines/WindowsStandaloneSupport/UnityEditor.WindowsStandalone.Extensions.dll
Registered in 0.242540 seconds.
Native extension for WindowsStandalone target not found
Native extension for WebGL target not found
Refreshing native plugins compatible for Editor in 71.49 ms, found 1 plugins.
Preloading 0 native plugins for Editor in 0.00 ms.
Mono: successfully reloaded assembly
- Completed reload, in  5.722 seconds
Domain Reload Profiling:
	ReloadAssembly (5723ms)
		BeginReloadAssembly (4105ms)
			ExecutionOrderSort (0ms)
			DisableScriptedObjects (0ms)
			BackupInstance (0ms)
			ReleaseScriptingObjects (0ms)
			CreateAndSetChildDomain (1ms)
		EndReloadAssembly (1018ms)
			LoadAssemblies (4109ms)
			RebuildTransferFunctionScriptingTraits (0ms)
			SetupTypeCache (659ms)
			ReleaseScriptCaches (0ms)
			RebuildScriptCaches (31ms)
			SetupLoadedEditorAssemblies (272ms)
				LogAssemblyErrors (0ms)
				InitializePlatformSupportModulesInManaged (8ms)
				SetLoadedEditorAssemblies (0ms)
				RefreshPlugins (72ms)
				BeforeProcessingInitializeOnLoad (2ms)
				ProcessInitializeOnLoadAttributes (135ms)
				ProcessInitializeOnLoadMethodAttributes (54ms)
				AfterProcessingInitializeOnLoad (0ms)
				EditorAssembliesLoaded (0ms)
			ExecutionOrderSort2 (0ms)
			AwakeInstancesAfterBackupRestoration (0ms)
Platform modules already initialized, skipping
Registering precompiled user dll's ...
Registered in 0.002498 seconds.
Begin MonoManager ReloadAssembly
Symbol file LoadedFromMemory doesn't match image I:\Projects\Unity\Klimov_AA_5_6\Klimov_AA_5_6\Library\PackageCache\com.unity.visualscripting@1.8.0\Editor\VisualScripting.Core\Dependencies\YamlDotNet\Unity.VisualScripting.YamlDotNet.dll
Symbol file LoadedFromMemory doesn't match image I:\Projects\Unity\Klimov_AA_5_6\Klimov_AA_5_6\Library\PackageCache\com.unity.visualscripting@1.8.0\Editor\VisualScripting.Core\Dependencies\DotNetZip\Unity.VisualScripting.IonicZip.dll
Native extension for WindowsStandalone target not found
Native extension for WebGL target not found
Refreshing native plugins compatible for Editor in 0.42 ms, found 1 plugins.
Preloading 0 native plugins for Editor in 0.00 ms.
Mono: successfully reloaded assembly
- Completed reload, in  3.500 seconds
Domain Reload Profiling:
	ReloadAssembly (3501ms)
		BeginReloadAssembly (126ms)
			ExecutionOrderSort (0ms)
			DisableScriptedObjects (7ms)
			BackupInstance (0ms)
			ReleaseScriptingObjects (0ms)
			CreateAndSetChildDomain (22ms)
		EndReloadAssembly (3234ms)
			LoadAssemblies (2477ms)
			RebuildTransferFunctionScriptingTraits (0ms)
			SetupTypeCache (408ms)
			ReleaseScriptCaches (1ms)
			RebuildScriptCaches (55ms)
			SetupLoadedEditorAssemblies (270ms)
				LogAssemblyErrors (0ms)
				InitializePlatformSupportModulesInManaged (6ms)
				SetLoadedEditorAssemblies (0ms)
				RefreshPlugins (0ms)
				BeforeProcessingInitializeOnLoad (77ms)
				ProcessInitializeOnLoadAttributes (157ms)
				ProcessInitializeOnLoadMethodAttributes (25ms)
				AfterProcessingInitializeOnLoad (3ms)
				EditorAssembliesLoaded (0ms)
			ExecutionOrderSort2 (0ms)
			AwakeInstancesAfterBackupRestoration (6ms)
Platform modules already initialized, skipping
========================================================================
Worker process is ready to serve import requests
Launched and connected shader compiler UnityShaderCompiler.exe after 0.08 seconds
Refreshing native plugins compatible for Editor in 0.45 ms, found 1 plugins.
Preloading 0 native plugins for Editor in 0.00 ms.
Unloading 2753 Unused Serialized files (Serialized files now loaded: 0)
Unloading 15 unused Assets / (56.1 KB). Loaded Objects now: 3226.
Memory consumption went from 100.4 MB to 100.4 MB.
Total: 2.858800 ms (FindLiveObjects: 0.261400 ms CreateObjectMapping: 0.069600 ms MarkObjects: 2.451200 ms  DeleteObjects: 0.075500 ms)

AssetImportParameters requested are different than current active one (requested -> active):
  custom:video-decoder-ogg-theora: a1e56fd34408186e4bbccfd4996cb3dc -> 
  custom:container-muxer-webm: aa71ff27fc2769a1b78a27578f13a17b -> 
  custom:container-demuxer-webm: 4f35f7cbe854078d1ac9338744f61a02 -> 
  custom:video-encoder-webm-vp8: eb34c28f22e8b96e1ab97ce403110664 -> 
  custom:audio-encoder-webm-vorbis: bf7c407c2cedff20999df2af8eb42d56 -> 
  custom:framework-win-MediaFoundation: 216162199b28c13a410421893ffa2e32 -> 
  custom:container-demuxer-ogg: 62fdf1f143b41e24485cea50d1cbac27 -> 
  custom:video-decoder-webm-vp8: 9c59270c3fd7afecdb556c50c9e8de78 -> 
  custom:audio-decoder-ogg-vorbis: bf7c407c2cedff20999df2af8eb42d56 -> 
========================================================================
Received Import Request.
  Time since last request: 702960.559479 seconds.
  path: Assets/KajamansRoads/Free/Meshes
  artifactKey: Guid(de4b06dbe3072e148824347cf143efaa) Importer(815301076,1909f56bfc062723c751e8b465ee728b)
Start importing Assets/KajamansRoads/Free/Meshes using Guid(de4b06dbe3072e148824347cf143efaa) Importer(815301076,1909f56bfc062723c751e8b465ee728b)  -> (artifact id: '9d2a41a36c37eb6a1bacbb7e8021bc37') in 0.012134 seconds 
========================================================================
Received Import Request.
  Time since last request: 0.068924 seconds.
  path: Assets/KajamansRoads/Free/Meshes/l10km_cc4_sl20_t(12123025)_A87113010_Alley.asset
  artifactKey: Guid(0a80fb73f5204284a87dc26ff5f08dd7) Importer(815301076,1909f56bfc062723c751e8b465ee728b)
Start importing Assets/KajamansRoads/Free/Meshes/l10km_cc4_sl20_t(12123025)_A87113010_Alley.asset using Guid(0a80fb73f5204284a87dc26ff5f08dd7) Importer(815301076,1909f56bfc062723c751e8b465ee728b)  -> (artifact id: '68eb3d4b5de9466c3f8faf544ae42856') in 0.127236 seconds 
========================================================================
Received Import Request.
  Time since last request: 11.016316 seconds.
  path: Assets/KajamansRoads/Free/Meshes/l10km_cc4_sl20_t(12123025)_A87113010_Alley.text
  artifactKey: Guid(cab0abcb2fe9e3d4c9e2a0f6a7268cf9) Importer(815301076,1909f56bfc062723c751e8b465ee728b)
Start importing Assets/KajamansRoads/Free/Meshes/l10km_cc4_sl20_t(12123025)_A87113010_Alley.text using Guid(cab0abcb2fe9e3d4c9e2a0f6a7268cf9) Importer(815301076,1909f56bfc062723c751e8b465ee728b)  -> (artifact id: '157d54ee992d8bfa47e66f835128908c') in 0.005046 seconds 
========================================================================
Received Import Request.
  Time since last request: 2.064896 seconds.
  path: Assets/KajamansRoads/Free/Meshes/l10km_cc4_sl20_t(12123025)_rw10_wh3_n3_RsBTW_MeshV00.text
  artifactKey: Guid(398e47e8a8dc3b54a9cdfaf77b22ab51) Importer(815301076,1909f56bfc062723c751e8b465ee728b)
Start importing Assets/KajamansRoads/Free/Meshes/l10km_cc4_sl20_t(12123025)_rw10_wh3_n3_RsBTW_MeshV00.text using Guid(398e47e8a8dc3b54a9cdfaf77b22ab51) Importer(815301076,1909f56bfc062723c751e8b465ee728b)  -> (artifact id: '609402c9bf290ecebb551c0a2aa42b96') in 0.002257 seconds 
========================================================================
Received Import Request.
  Time since last request: 19.506148 seconds.
  path: Assets/KajamansRoads/Free/Meshes/l10km_cc4_sl69_t(1212029)_rw12_wh15_n1_RsBtW_MeshV00.text
  artifactKey: Guid(36764c70fe0309f4ca565722e4fb04c7) Importer(815301076,1909f56bfc062723c751e8b465ee728b)
Start importing Assets/KajamansRoads/Free/Meshes/l10km_cc4_sl69_t(1212029)_rw12_wh15_n1_RsBtW_MeshV00.text using Guid(36764c70fe0309f4ca565722e4fb04c7) Importer(815301076,1909f56bfc062723c751e8b465ee728b)  -> (artifact id: '29d15fe06314dd39ac0b258335a51998') in 0.003102 seconds 
========================================================================
Received Import Request.
  Time since last request: 53.931020 seconds.
  path: Assets/KajamansRoads/Free/Obj
  artifactKey: Guid(cb6e46b479d089d4cb4644e1b920442d) Importer(815301076,1909f56bfc062723c751e8b465ee728b)
Start importing Assets/KajamansRoads/Free/Obj using Guid(cb6e46b479d089d4cb4644e1b920442d) Importer(815301076,1909f56bfc062723c751e8b465ee728b)  -> (artifact id: 'c20bf48112ef681608421c9fb0e76862') in 0.007258 seconds 
========================================================================
Received Import Request.
  Time since last request: 0.072703 seconds.
  path: Assets/KajamansRoads/Free/Obj/l10km_cc4_sl20_t(12123025)_A87113010_Alley.obj
  artifactKey: Guid(fd4a0cb4c013bfe4490ba77940a5a695) Importer(815301076,1909f56bfc062723c751e8b465ee728b)
Start importing Assets/KajamansRoads/Free/Obj/l10km_cc4_sl20_t(12123025)_A87113010_Alley.obj using Guid(fd4a0cb4c013bfe4490ba77940a5a695) Importer(815301076,1909f56bfc062723c751e8b465ee728b)  -> (artifact id: '83bbf88bcf051bad4bdfff41c1da115c') in 0.041134 seconds 
========================================================================
Received Import Request.
  Time since last request: 0.000020 seconds.
  path: Assets/KajamansRoads/Free/Obj/l20km_cc2_sl30_t(401509)_rw28_wh15_n1_RsBTW_MeshV00.obj
  artifactKey: Guid(eaa80a420ac74e04cbd3de2123856495) Importer(815301076,1909f56bfc062723c751e8b465ee728b)
Start importing Assets/KajamansRoads/Free/Obj/l20km_cc2_sl30_t(401509)_rw28_wh15_n1_RsBTW_MeshV00.obj using Guid(eaa80a420ac74e04cbd3de2123856495) Importer(815301076,1909f56bfc062723c751e8b465ee728b)  -> (artifact id: '6e39b696e31217e03c6348a246571d26') in 0.068855 seconds 
========================================================================
Received Import Request.
  Time since last request: 19.430039 seconds.
  path: Assets/KajamansRoads/Free/Obj/Materials
  artifactKey: Guid(d794e10d6adf0ab46b887a3b1c5526ce) Importer(815301076,1909f56bfc062723c751e8b465ee728b)
Start importing Assets/KajamansRoads/Free/Obj/Materials using Guid(d794e10d6adf0ab46b887a3b1c5526ce) Importer(815301076,1909f56bfc062723c751e8b465ee728b)  -> (artifact id: '060fe257a0042d93056c84c8a1fe7da3') in 0.007234 seconds 
========================================================================
Received Import Request.
  Time since last request: 180.755976 seconds.
  path: Assets/KajamansRoads/FileNamesDescription.txt
  artifactKey: Guid(6208aa77eb8558d49ae5cc133744e301) Importer(815301076,1909f56bfc062723c751e8b465ee728b)
Start importing Assets/KajamansRoads/FileNamesDescription.txt using Guid(6208aa77eb8558d49ae5cc133744e301) Importer(815301076,1909f56bfc062723c751e8b465ee728b)  -> (artifact id: 'da76bfaebb2639f94688a8af68cb37ff') in 0.009607 seconds 
========================================================================
Received Import Request.
  Time since last request: 83.211449 seconds.
  path: Assets/KajamansRoads/Free/ReadMe.txt
  artifactKey: Guid(475e642bb02764d4192d76e06c891e69) Importer(815301076,1909f56bfc062723c751e8b465ee728b)
Start importing Assets/KajamansRoads/Free/ReadMe.txt using Guid(475e642bb02764d4192d76e06c891e69) Importer(815301076,1909f56bfc062723c751e8b465ee728b)  -> (artifact id: 'b1d1fdb2221f0b6fcebcd1af63276a63') in 0.007526 seconds 
========================================================================
Received Import Request.
  Time since last request: 13.680221 seconds.
  path: Assets/KajamansRoads/Free/Prefabs/l10km_cc4_sl20_t(12123025)_A87113010_Alley.prefab
  artifactKey: Guid(7cc1045a0e531c442bdc048fdfbd1231) Importer(815301076,1909f56bfc062723c751e8b465ee728b)
Start importing Assets/KajamansRoads/Free/Prefabs/l10km_cc4_sl20_t(12123025)_A87113010_Alley.prefab using Guid(7cc1045a0e531c442bdc048fdfbd1231) Importer(815301076,1909f56bfc062723c751e8b465ee728b)  -> (artifact id: '15dedea8b8fb18051823be1f6d1c1f8f') in 0.012009 seconds 
========================================================================
Received Import Request.
  Time since last request: 0.048413 seconds.
  path: Assets/KajamansRoads/Free/Prefabs/l10km_cc4_sl69_t(1212029)_rw12_wh15_n1_RsBtW_MeshV00.prefab
  artifactKey: Guid(52005168084e10d4998228ecb47015ee) Importer(815301076,1909f56bfc062723c751e8b465ee728b)
Start importing Assets/KajamansRoads/Free/Prefabs/l10km_cc4_sl69_t(1212029)_rw12_wh15_n1_RsBtW_MeshV00.prefab using Guid(52005168084e10d4998228ecb47015ee) Importer(815301076,1909f56bfc062723c751e8b465ee728b)  -> (artifact id: 'b4d41eef23445edcb476a3cafe21e5b3') in 0.011294 seconds 
========================================================================
Received Import Request.
  Time since last request: 0.000023 seconds.
  path: Assets/KajamansRoads/Free/Prefabs/l20km_cc2_sl30_t(401509)_rw28_wh15_n1_RsBTW_MeshV00.prefab
  artifactKey: Guid(a7e9891f686821e46ade0477d65446f6) Importer(815301076,1909f56bfc062723c751e8b465ee728b)
Start importing Assets/KajamansRoads/Free/Prefabs/l20km_cc2_sl30_t(401509)_rw28_wh15_n1_RsBTW_MeshV00.prefab using Guid(a7e9891f686821e46ade0477d65446f6) Importer(815301076,1909f56bfc062723c751e8b465ee728b)  -> (artifact id: 'fb0f153784d67e977b34050449e629d7') in 0.009912 seconds 
========================================================================
Received Import Request.
  Time since last request: 313.208605 seconds.
  path: Assets/KajamansRoads/Prefabs/TrackPtefab.prefab
  artifactKey: Guid(6215070e0f160d74998efe50358b3d5e) Importer(815301076,1909f56bfc062723c751e8b465ee728b)
Start importing Assets/KajamansRoads/Prefabs/TrackPtefab.prefab using Guid(6215070e0f160d74998efe50358b3d5e) Importer(815301076,1909f56bfc062723c751e8b465ee728b)  -> (artifact id: '3b6d12f192eec9ed9156b90986468353') in 0.040577 seconds 
========================================================================
Received Import Request.
  Time since last request: 9.667617 seconds.
  path: Assets/Track
  artifactKey: Guid(9a49592296e627143977b6aa80945b65) Importer(815301076,1909f56bfc062723c751e8b465ee728b)
Start importing Assets/Track using Guid(9a49592296e627143977b6aa80945b65) Importer(815301076,1909f56bfc062723c751e8b465ee728b)  -> (artifact id: '9dcac92184fb769a22e30943c82ca299') in 0.008312 seconds 
========================================================================
Received Import Request.
  Time since last request: 3.057637 seconds.
  path: Assets/Scenes/SampleScene.unity
  artifactKey: Guid(9fc0d4010bbf28b4594072e72b8655ab) Importer(815301076,1909f56bfc062723c751e8b465ee728b)
Start importing Assets/Scenes/SampleScene.unity using Guid(9fc0d4010bbf28b4594072e72b8655ab) Importer(815301076,1909f56bfc062723c751e8b465ee728b)  -> (artifact id: '52b59a5d7d6412f3a8599ccc7c4f4d06') in 0.007515 seconds 
========================================================================
Received Import Request.
  Time since last request: 33.504464 seconds.
  path: Assets/Scenes/ArcadeRoadScene.unity
  artifactKey: Guid(9fc0d4010bbf28b4594072e72b8655ab) Importer(815301076,1909f56bfc062723c751e8b465ee728b)
Start importing Assets/Scenes/ArcadeRoadScene.unity using Guid(9fc0d4010bbf28b4594072e72b8655ab) Importer(815301076,1909f56bfc062723c751e8b465ee728b)  -> (artifact id: 'b58465d255e7ff1a9f9a0e01b037b53f') in 0.007483 seconds 
========================================================================
Received Import Request.
  Time since last request: 41.839192 seconds.
  path: Assets/Car/Materials
  artifactKey: Guid(5d90c79682844cd4bb373a4d33fb9a8d) Importer(815301076,1909f56bfc062723c751e8b465ee728b)
Start importing Assets/Car/Materials using Guid(5d90c79682844cd4bb373a4d33fb9a8d) Importer(815301076,1909f56bfc062723c751e8b465ee728b)  -> (artifact id: 'bf5ae7219cd3ce52f15fddb8ee5c2e35') in 0.006518 seconds 
========================================================================
Received Import Request.
  Time since last request: 3.630746 seconds.
  path: Assets/Car/Mesh
  artifactKey: Guid(2957c0c66200346439a210410b6b7594) Importer(815301076,1909f56bfc062723c751e8b465ee728b)
Start importing Assets/Car/Mesh using Guid(2957c0c66200346439a210410b6b7594) Importer(815301076,1909f56bfc062723c751e8b465ee728b)  -> (artifact id: 'ccaf1a7702a30d392b7b39709d380027') in 0.008311 seconds 
========================================================================
Received Import Request.
  Time since last request: 4.228825 seconds.
  path: Assets/Car/Prefabs
  artifactKey: Guid(1e306faadb62beb4cbed8900b273e99b) Importer(815301076,1909f56bfc062723c751e8b465ee728b)
Start importing Assets/Car/Prefabs using Guid(1e306faadb62beb4cbed8900b273e99b) Importer(815301076,1909f56bfc062723c751e8b465ee728b)  -> (artifact id: 'cb9dc946533994d72c76b8ffe420030a') in 0.006972 seconds 
========================================================================
Received Import Request.
  Time since last request: 5.296602 seconds.
  path: Assets/Car/Textures
  artifactKey: Guid(53a30713c96e92b4eba38e6bff7c7264) Importer(815301076,1909f56bfc062723c751e8b465ee728b)
Start importing Assets/Car/Textures using Guid(53a30713c96e92b4eba38e6bff7c7264) Importer(815301076,1909f56bfc062723c751e8b465ee728b)  -> (artifact id: '3441e212d43daff07389710132ea7230') in 0.008467 seconds 
========================================================================
Received Import Request.
  Time since last request: 7.467117 seconds.
  path: Assets/Car/Materials/all colors.mat
  artifactKey: Guid(91fc33068a263294782038180ce2b84e) Importer(815301076,1909f56bfc062723c751e8b465ee728b)
Start importing Assets/Car/Materials/all colors.mat using Guid(91fc33068a263294782038180ce2b84e) Importer(815301076,1909f56bfc062723c751e8b465ee728b)  -> (artifact id: 'd69fdfba7d6fe3d2e3305b6fdca3b42b') in 0.046488 seconds 
========================================================================
Received Import Request.
  Time since last request: 71.200163 seconds.
  path: Assets/Scripts/Script.cs
  artifactKey: Guid(6165a07c58ef0424e8219c84e0d98748) Importer(815301076,1909f56bfc062723c751e8b465ee728b)
Start importing Assets/Scripts/Script.cs using Guid(6165a07c58ef0424e8219c84e0d98748) Importer(815301076,1909f56bfc062723c751e8b465ee728b)  -> (artifact id: '97257b5caca0bec6ecf2f271543aa2df') in 0.016291 seconds 
========================================================================
Received Prepare
Registering precompiled user dll's ...
Registered in 0.002425 seconds.
Begin MonoManager ReloadAssembly
Symbol file LoadedFromMemory doesn't match image I:\Projects\Unity\Klimov_AA_5_6\Klimov_AA_5_6\Library\PackageCache\com.unity.visualscripting@1.8.0\Editor\VisualScripting.Core\Dependencies\YamlDotNet\Unity.VisualScripting.YamlDotNet.dll
Symbol file LoadedFromMemory doesn't match image I:\Projects\Unity\Klimov_AA_5_6\Klimov_AA_5_6\Library\PackageCache\com.unity.visualscripting@1.8.0\Editor\VisualScripting.Core\Dependencies\DotNetZip\Unity.VisualScripting.IonicZip.dll
Native extension for WindowsStandalone target not found
Native extension for WebGL target not found
Refreshing native plugins compatible for Editor in 0.50 ms, found 1 plugins.
Preloading 0 native plugins for Editor in 0.00 ms.
Mono: successfully reloaded assembly
- Completed reload, in  0.892 seconds
Domain Reload Profiling:
	ReloadAssembly (892ms)
		BeginReloadAssembly (146ms)
			ExecutionOrderSort (0ms)
			DisableScriptedObjects (5ms)
			BackupInstance (0ms)
			ReleaseScriptingObjects (0ms)
			CreateAndSetChildDomain (32ms)
		EndReloadAssembly (648ms)
			LoadAssemblies (92ms)
			RebuildTransferFunctionScriptingTraits (0ms)
			SetupTypeCache (253ms)
			ReleaseScriptCaches (1ms)
			RebuildScriptCaches (45ms)
			SetupLoadedEditorAssemblies (234ms)
				LogAssemblyErrors (0ms)
				InitializePlatformSupportModulesInManaged (7ms)
				SetLoadedEditorAssemblies (1ms)
				RefreshPlugins (1ms)
				BeforeProcessingInitializeOnLoad (65ms)
				ProcessInitializeOnLoadAttributes (133ms)
				ProcessInitializeOnLoadMethodAttributes (23ms)
				AfterProcessingInitializeOnLoad (5ms)
				EditorAssembliesLoaded (0ms)
			ExecutionOrderSort2 (0ms)
			AwakeInstancesAfterBackupRestoration (6ms)
Platform modules already initialized, skipping
Refreshing native plugins compatible for Editor in 0.95 ms, found 1 plugins.
Preloading 0 native plugins for Editor in 0.00 ms.
Unloading 2745 Unused Serialized files (Serialized files now loaded: 0)
Unloading 9 unused Assets / (24.7 KB). Loaded Objects now: 3272.
Memory consumption went from 104.3 MB to 104.3 MB.
Total: 2.628700 ms (FindLiveObjects: 0.249500 ms CreateObjectMapping: 0.067700 ms MarkObjects: 2.287300 ms  DeleteObjects: 0.023000 ms)

AssetImportParameters requested are different than current active one (requested -> active):
  custom:video-decoder-ogg-theora: a1e56fd34408186e4bbccfd4996cb3dc -> 
  custom:container-muxer-webm: aa71ff27fc2769a1b78a27578f13a17b -> 
  custom:container-demuxer-webm: 4f35f7cbe854078d1ac9338744f61a02 -> 
  custom:video-encoder-webm-vp8: eb34c28f22e8b96e1ab97ce403110664 -> 
  custom:audio-encoder-webm-vorbis: bf7c407c2cedff20999df2af8eb42d56 -> 
  custom:framework-win-MediaFoundation: 216162199b28c13a410421893ffa2e32 -> 
  custom:container-demuxer-ogg: 62fdf1f143b41e24485cea50d1cbac27 -> 
  custom:video-decoder-webm-vp8: 9c59270c3fd7afecdb556c50c9e8de78 -> 
  custom:audio-decoder-ogg-vorbis: bf7c407c2cedff20999df2af8eb42d56 -> 
